[ INFO]2016-12-19 17:48:57  开始person数据修改
[ INFO]2016-12-19 17:48:57  person4101表共计0条数据
[ INFO]2016-12-19 17:48:57  ######################setp1############################
[ INFO]2016-12-19 17:48:57  ######################setp2############################
[ INFO]2016-12-19 17:51:35  开始person数据修改
[ INFO]2016-12-19 17:51:35  person4101表共计36条数据
[ INFO]2016-12-19 17:51:36  ######################setp1############################
[ INFO]2016-12-19 17:51:36  person4101-0-data.txt
[ INFO]2016-12-19 17:51:36  person4101
[ INFO]2016-12-19 17:52:25  开始person数据修改
[ INFO]2016-12-19 17:52:25  person4101表共计36条数据
[ INFO]2016-12-19 17:52:25  ######################setp1############################
[ INFO]2016-12-19 17:52:25  person4101-0-data.txt
[ INFO]2016-12-19 17:52:25  person4101
[ INFO]2016-12-19 17:52:26  person4101-10-data.txt
[ INFO]2016-12-19 17:52:26  person4101
[ INFO]2016-12-19 17:52:26  person4101-20-data.txt
[ INFO]2016-12-19 17:52:26  person4101
[ INFO]2016-12-19 17:52:27  person4101-30-data.txt
[ INFO]2016-12-19 17:52:27  person4101
[ INFO]2016-12-19 17:52:27  ######################setp2############################
[ INFO]2016-12-19 17:52:27  person4101-0-data.txt
[ INFO]2016-12-19 17:52:27  person4101
[ INFO]2016-12-19 17:52:27  person4101-10-data.txt
[ INFO]2016-12-19 17:52:27  person4101
[ INFO]2016-12-19 17:52:27  person4101-20-data.txt
[ INFO]2016-12-19 17:52:27  person4101
[ INFO]2016-12-19 17:52:27  person4101-30-data.txt
[ INFO]2016-12-19 17:52:27  person4101
[ INFO]2016-12-19 17:54:41  开始person数据修改
[ INFO]2016-12-19 17:54:46  person4101表共计36条数据
[ INFO]2016-12-19 17:55:40  ######################setp1############################
[ INFO]2016-12-19 17:55:40  person4101-0-data.txt
[ INFO]2016-12-19 17:55:40  person4101
[ INFO]2016-12-19 17:55:40  person4101-10-data.txt
[ INFO]2016-12-19 17:55:40  person4101
[ INFO]2016-12-19 17:55:41  person4101-20-data.txt
[ INFO]2016-12-19 17:55:41  person4101
[ INFO]2016-12-19 17:55:41  person4101-30-data.txt
[ INFO]2016-12-19 17:55:41  person4101
[ INFO]2016-12-19 17:55:41  ######################setp2############################
[ INFO]2016-12-19 17:55:41  person4101-0-data.txt
[ INFO]2016-12-19 17:55:41  person4101
[ INFO]2016-12-19 17:55:41  person4101-10-data.txt
[ INFO]2016-12-19 17:55:41  person4101
[ INFO]2016-12-19 17:55:41  person4101-20-data.txt
[ INFO]2016-12-19 17:55:41  person4101
[ INFO]2016-12-19 17:55:41  person4101-30-data.txt
[ INFO]2016-12-19 17:55:41  person4101
[ INFO]2016-12-19 17:56:28  开始person数据修改
[ INFO]2016-12-19 17:56:30  person4101表共计36条数据
[ INFO]2016-12-19 17:57:47  开始person数据修改
[ INFO]2016-12-19 17:57:47  person4101表共计36条数据
[ INFO]2016-12-19 17:59:03  开始person数据修改
[ INFO]2016-12-19 17:59:06  person4101表共计36条数据
[ INFO]2016-12-19 18:00:43  开始person数据修改
[ INFO]2016-12-19 18:00:45  person4101表共计36条数据
[ INFO]2016-12-19 18:03:33  开始person数据修改
[ INFO]2016-12-19 18:03:33  person4101表共计36条数据
[ INFO]2016-12-19 18:03:54  开始person数据修改
[ INFO]2016-12-19 18:03:55  person4101表共计36条数据
